2023-10-22 00:00:09 [scrapy.utils.log] INFO: Scrapy 2.11.0 started (bot: tutorial)
2023-10-22 00:00:09 [scrapy.utils.log] INFO: Versions: lxml 4.9.3.0, libxml2 2.10.3, cssselect 1.2.0, parsel 1.8.1, w3lib 2.1.2, Twisted 22.10.0, Python 3.8.18 (default, Sep 11 2023, 13:39:12) [MSC v.1916 64 bit (AMD64)], pyOpenSSL 22.0.0 (OpenSSL 1.1.1n  15 Mar 2022), cryptography 36.0.2, Platform Windows-10-10.0.19044-SP0
2023-10-22 00:00:09 [scrapy.addons] INFO: Enabled addons:
[]
2023-10-22 00:00:09 [py.warnings] WARNING: D:\conda\envs\bishespider\lib\site-packages\scrapy\utils\request.py:254: ScrapyDeprecationWarning: '2.6' is a deprecated value for the 'REQUEST_FINGERPRINTER_IMPLEMENTATION' setting.

It is also the default value. In other words, it is normal to get this warning if you have not defined a value for the 'REQUEST_FINGERPRINTER_IMPLEMENTATION' setting. This is so for backward compatibility reasons, but it will change in a future version of Scrapy.

See the documentation of the 'REQUEST_FINGERPRINTER_IMPLEMENTATION' setting for information on how to handle this deprecation.
  return cls(crawler)

2023-10-22 00:00:09 [scrapy.extensions.telnet] INFO: Telnet Password: dd288081d3d40413
2023-10-22 00:00:09 [scrapy.middleware] INFO: Enabled extensions:
['scrapy.extensions.corestats.CoreStats',
 'scrapy.extensions.telnet.TelnetConsole',
 'scrapy.extensions.logstats.LogStats']
2023-10-22 00:00:09 [scrapy.crawler] INFO: Overridden settings:
{'BOT_NAME': 'tutorial',
 'COOKIES_ENABLED': False,
 'DOWNLOAD_DELAY': 3,
 'FEED_EXPORT_ENCODING': 'utf-8',
 'LOG_FILE': 'logs\\spider\\zhilian2\\e363577c702a11ee8e5e18c04dc4a54b.log',
 'LOG_LEVEL': 'INFO',
 'NEWSPIDER_MODULE': 'tutorial.spiders',
 'SPIDER_MODULES': ['tutorial.spiders']}
2023-10-22 00:00:10 [scrapy.middleware] INFO: Enabled downloader middlewares:
['scrapy.downloadermiddlewares.httpauth.HttpAuthMiddleware',
 'scrapy.downloadermiddlewares.downloadtimeout.DownloadTimeoutMiddleware',
 'scrapy.downloadermiddlewares.defaultheaders.DefaultHeadersMiddleware',
 'scrapy.downloadermiddlewares.useragent.UserAgentMiddleware',
 'scrapy.downloadermiddlewares.retry.RetryMiddleware',
 'scrapy.downloadermiddlewares.redirect.MetaRefreshMiddleware',
 'scrapy.downloadermiddlewares.httpcompression.HttpCompressionMiddleware',
 'scrapy.downloadermiddlewares.redirect.RedirectMiddleware',
 'scrapy.downloadermiddlewares.httpproxy.HttpProxyMiddleware',
 'scrapy.downloadermiddlewares.stats.DownloaderStats']
2023-10-22 00:00:10 [scrapy.middleware] INFO: Enabled spider middlewares:
['scrapy.spidermiddlewares.httperror.HttpErrorMiddleware',
 'scrapy.spidermiddlewares.offsite.OffsiteMiddleware',
 'scrapy.spidermiddlewares.referer.RefererMiddleware',
 'scrapy.spidermiddlewares.urllength.UrlLengthMiddleware',
 'scrapy.spidermiddlewares.depth.DepthMiddleware']
2023-10-22 00:00:10 [scrapy.middleware] INFO: Enabled item pipelines:
['tutorial.pipelines.ZhilianPipeline']
2023-10-22 00:00:10 [scrapy.core.engine] INFO: Spider opened
2023-10-22 00:00:10 [scrapy.extensions.logstats] INFO: Crawled 0 pages (at 0 pages/min), scraped 0 items (at 0 items/min)
2023-10-22 00:00:10 [scrapy.extensions.telnet] INFO: Telnet console listening on 127.0.0.1:6027
2023-10-22 00:00:11 [zhilian2] INFO: 533第2页开始爬取 city:3/31 jobtype:79/1402
2023-10-22 00:00:11 [zhilian2] ERROR: unsupported operand type(s) for /: 'NoneType' and 'int'
2023-10-22 00:00:11 [zhilian2] ERROR: https://sou.zhaopin.com/?jl=533&p=2&jt=14000000000000,14000500000000,14000500040000
2023-10-22 00:00:32 [zhilian2] INFO: 533第1页开始爬取 city:3/31 jobtype:80/1402
2023-10-22 00:00:32 [zhilian2] ERROR: unsupported operand type(s) for /: 'NoneType' and 'int'
2023-10-22 00:00:32 [zhilian2] ERROR: https://sou.zhaopin.com/?jl=533&p=1&jt=14000000000000,14000500000000,14000500060000
2023-10-22 00:00:53 [zhilian2] INFO: 533第1页开始爬取 city:3/31 jobtype:81/1402
2023-10-22 00:00:53 [zhilian2] ERROR: unsupported operand type(s) for /: 'NoneType' and 'int'
2023-10-22 00:00:53 [zhilian2] ERROR: https://sou.zhaopin.com/?jl=533&p=1&jt=14000000000000,14000500000000,14000500050000
2023-10-22 00:01:13 [scrapy.extensions.logstats] INFO: Crawled 3 pages (at 3 pages/min), scraped 0 items (at 0 items/min)
2023-10-22 00:01:13 [zhilian2] INFO: 533第1页开始爬取 city:3/31 jobtype:82/1402
2023-10-22 00:01:13 [zhilian2] ERROR: unsupported operand type(s) for /: 'NoneType' and 'int'
2023-10-22 00:01:13 [zhilian2] ERROR: https://sou.zhaopin.com/?jl=533&p=1&jt=14000000000000,14000500000000,14000500070000
2023-10-22 00:01:34 [zhilian2] INFO: 533第1页开始爬取 city:3/31 jobtype:83/1402
2023-10-22 00:01:34 [zhilian2] ERROR: unsupported operand type(s) for /: 'NoneType' and 'int'
2023-10-22 00:01:34 [zhilian2] ERROR: https://sou.zhaopin.com/?jl=533&p=1&jt=14000000000000,14000500000000,14000500080000
2023-10-22 00:01:54 [zhilian2] INFO: 533第1页开始爬取 city:3/31 jobtype:84/1402
2023-10-22 00:01:54 [zhilian2] ERROR: unsupported operand type(s) for /: 'NoneType' and 'int'
2023-10-22 00:01:54 [zhilian2] ERROR: https://sou.zhaopin.com/?jl=533&p=1&jt=14000000000000,14000500000000,14000500090000
2023-10-22 00:02:14 [scrapy.extensions.logstats] INFO: Crawled 6 pages (at 3 pages/min), scraped 0 items (at 0 items/min)
2023-10-22 00:02:15 [zhilian2] INFO: 533第1页开始爬取 city:3/31 jobtype:85/1402
2023-10-22 00:02:15 [zhilian2] ERROR: unsupported operand type(s) for /: 'NoneType' and 'int'
2023-10-22 00:02:15 [zhilian2] ERROR: https://sou.zhaopin.com/?jl=533&p=1&jt=14000000000000,14000500000000,14000500100000
2023-10-22 00:02:36 [zhilian2] INFO: 533第1页开始爬取 city:3/31 jobtype:86/1402
2023-10-22 00:02:36 [zhilian2] ERROR: unsupported operand type(s) for /: 'NoneType' and 'int'
2023-10-22 00:02:36 [zhilian2] ERROR: https://sou.zhaopin.com/?jl=533&p=1&jt=14000000000000,14000500000000,14000500110000
2023-10-22 00:02:57 [zhilian2] INFO: 533第1页开始爬取 city:3/31 jobtype:87/1402
2023-10-22 00:02:57 [zhilian2] ERROR: unsupported operand type(s) for /: 'NoneType' and 'int'
2023-10-22 00:02:57 [zhilian2] ERROR: https://sou.zhaopin.com/?jl=533&p=1&jt=14000000000000,14000500000000,14000500130000
2023-10-22 00:03:17 [scrapy.extensions.logstats] INFO: Crawled 9 pages (at 3 pages/min), scraped 0 items (at 0 items/min)
2023-10-22 00:03:17 [zhilian2] INFO: 533第1页开始爬取 city:3/31 jobtype:88/1402
2023-10-22 00:03:17 [zhilian2] ERROR: unsupported operand type(s) for /: 'NoneType' and 'int'
2023-10-22 00:03:17 [zhilian2] ERROR: https://sou.zhaopin.com/?jl=533&p=1&jt=14000000000000,14000500000000,14000500140000
2023-10-22 00:03:38 [zhilian2] INFO: 533第1页开始爬取 city:3/31 jobtype:89/1402
2023-10-22 00:03:38 [zhilian2] ERROR: unsupported operand type(s) for /: 'NoneType' and 'int'
2023-10-22 00:03:38 [zhilian2] ERROR: https://sou.zhaopin.com/?jl=533&p=1&jt=14000000000000,14000200000000,14000200010000
2023-10-22 00:03:59 [zhilian2] INFO: 533第1页开始爬取 city:3/31 jobtype:90/1402
2023-10-22 00:03:59 [zhilian2] ERROR: unsupported operand type(s) for /: 'NoneType' and 'int'
2023-10-22 00:03:59 [zhilian2] ERROR: https://sou.zhaopin.com/?jl=533&p=1&jt=14000000000000,14000200000000,14000200020000
2023-10-22 00:04:19 [scrapy.extensions.logstats] INFO: Crawled 12 pages (at 3 pages/min), scraped 0 items (at 0 items/min)
2023-10-22 00:04:19 [zhilian2] INFO: 533第1页开始爬取 city:3/31 jobtype:91/1402
2023-10-22 00:04:19 [zhilian2] ERROR: unsupported operand type(s) for /: 'NoneType' and 'int'
2023-10-22 00:04:19 [zhilian2] ERROR: https://sou.zhaopin.com/?jl=533&p=1&jt=14000000000000,14000200000000,14000200030000
2023-10-22 00:04:40 [zhilian2] INFO: 533第1页开始爬取 city:3/31 jobtype:92/1402
2023-10-22 00:04:40 [zhilian2] ERROR: unsupported operand type(s) for /: 'NoneType' and 'int'
2023-10-22 00:04:40 [zhilian2] ERROR: https://sou.zhaopin.com/?jl=533&p=1&jt=14000000000000,14000200000000,14000200040000
2023-10-22 00:05:00 [zhilian2] INFO: 533第1页开始爬取 city:3/31 jobtype:93/1402
2023-10-22 00:05:01 [zhilian2] ERROR: unsupported operand type(s) for /: 'NoneType' and 'int'
2023-10-22 00:05:01 [zhilian2] ERROR: https://sou.zhaopin.com/?jl=533&p=1&jt=14000000000000,14000700000000,14000700060000
2023-10-22 00:05:21 [scrapy.extensions.logstats] INFO: Crawled 15 pages (at 3 pages/min), scraped 0 items (at 0 items/min)
2023-10-22 00:05:21 [zhilian2] INFO: 533第1页开始爬取 city:3/31 jobtype:94/1402
2023-10-22 00:05:21 [zhilian2] ERROR: unsupported operand type(s) for /: 'NoneType' and 'int'
2023-10-22 00:05:21 [zhilian2] ERROR: https://sou.zhaopin.com/?jl=533&p=1&jt=14000000000000,14000700000000,14000700080000
2023-10-22 00:05:42 [zhilian2] INFO: 533第1页开始爬取 city:3/31 jobtype:95/1402
2023-10-22 00:05:42 [zhilian2] ERROR: unsupported operand type(s) for /: 'NoneType' and 'int'
2023-10-22 00:05:42 [zhilian2] ERROR: https://sou.zhaopin.com/?jl=533&p=1&jt=14000000000000,14000700000000,14000700040000
2023-10-22 00:06:02 [zhilian2] INFO: 533第1页开始爬取 city:3/31 jobtype:96/1402
2023-10-22 00:06:02 [zhilian2] ERROR: unsupported operand type(s) for /: 'NoneType' and 'int'
2023-10-22 00:06:02 [zhilian2] ERROR: https://sou.zhaopin.com/?jl=533&p=1&jt=14000000000000,14000700000000,14000700050000
2023-10-22 00:06:22 [scrapy.extensions.logstats] INFO: Crawled 18 pages (at 3 pages/min), scraped 0 items (at 0 items/min)
2023-10-22 00:06:23 [zhilian2] INFO: 533第1页开始爬取 city:3/31 jobtype:97/1402
2023-10-22 00:06:23 [zhilian2] ERROR: unsupported operand type(s) for /: 'NoneType' and 'int'
2023-10-22 00:06:23 [zhilian2] ERROR: https://sou.zhaopin.com/?jl=533&p=1&jt=14000000000000,14000700000000,14000700110000
2023-10-22 00:06:43 [zhilian2] INFO: 533第1页开始爬取 city:3/31 jobtype:98/1402
2023-10-22 00:06:44 [zhilian2] ERROR: unsupported operand type(s) for /: 'NoneType' and 'int'
2023-10-22 00:06:44 [zhilian2] ERROR: https://sou.zhaopin.com/?jl=533&p=1&jt=14000000000000,14000700000000,14000700130000
2023-10-22 00:07:04 [zhilian2] INFO: 533第1页开始爬取 city:3/31 jobtype:99/1402
2023-10-22 00:07:04 [zhilian2] ERROR: unsupported operand type(s) for /: 'NoneType' and 'int'
2023-10-22 00:07:04 [zhilian2] ERROR: https://sou.zhaopin.com/?jl=533&p=1&jt=14000000000000,14000700000000,14000700010000
2023-10-22 00:07:24 [scrapy.extensions.logstats] INFO: Crawled 21 pages (at 3 pages/min), scraped 0 items (at 0 items/min)
2023-10-22 00:07:25 [zhilian2] INFO: 533第1页开始爬取 city:3/31 jobtype:100/1402
2023-10-22 00:07:25 [zhilian2] ERROR: unsupported operand type(s) for /: 'NoneType' and 'int'
2023-10-22 00:07:25 [zhilian2] ERROR: https://sou.zhaopin.com/?jl=533&p=1&jt=9000000000000,9000300000000,9000300110000
2023-10-22 00:07:45 [zhilian2] INFO: 533第1页开始爬取 city:3/31 jobtype:101/1402
2023-10-22 00:07:45 [zhilian2] ERROR: unsupported operand type(s) for /: 'NoneType' and 'int'
2023-10-22 00:07:45 [zhilian2] ERROR: https://sou.zhaopin.com/?jl=533&p=1&jt=9000000000000,9000300000000,9000300150000
2023-10-22 00:08:06 [zhilian2] INFO: 533第1页开始爬取 city:3/31 jobtype:102/1402
2023-10-22 00:08:06 [zhilian2] ERROR: unsupported operand type(s) for /: 'NoneType' and 'int'
2023-10-22 00:08:06 [zhilian2] ERROR: https://sou.zhaopin.com/?jl=533&p=1&jt=9000000000000,9000300000000,9000300160000
2023-10-22 00:08:26 [scrapy.extensions.logstats] INFO: Crawled 24 pages (at 3 pages/min), scraped 0 items (at 0 items/min)
2023-10-22 00:08:27 [zhilian2] INFO: 533第1页开始爬取 city:3/31 jobtype:103/1402
2023-10-22 00:08:27 [zhilian2] ERROR: unsupported operand type(s) for /: 'NoneType' and 'int'
2023-10-22 00:08:27 [zhilian2] ERROR: https://sou.zhaopin.com/?jl=533&p=1&jt=9000000000000,9000300000000,9000300010000
2023-10-22 00:08:47 [zhilian2] INFO: 533第1页开始爬取 city:3/31 jobtype:104/1402
2023-10-22 00:08:47 [zhilian2] ERROR: unsupported operand type(s) for /: 'NoneType' and 'int'
2023-10-22 00:08:47 [zhilian2] ERROR: https://sou.zhaopin.com/?jl=533&p=1&jt=9000000000000,9000300000000,9000300020000
2023-10-22 00:09:08 [zhilian2] INFO: 533第1页开始爬取 city:3/31 jobtype:105/1402
2023-10-22 00:09:08 [zhilian2] ERROR: unsupported operand type(s) for /: 'NoneType' and 'int'
2023-10-22 00:09:08 [zhilian2] ERROR: https://sou.zhaopin.com/?jl=533&p=1&jt=9000000000000,9000300000000,9000300030000
2023-10-22 00:09:28 [scrapy.extensions.logstats] INFO: Crawled 27 pages (at 3 pages/min), scraped 0 items (at 0 items/min)
2023-10-22 00:09:28 [zhilian2] INFO: 533第1页开始爬取 city:3/31 jobtype:106/1402
2023-10-22 00:09:29 [zhilian2] ERROR: unsupported operand type(s) for /: 'NoneType' and 'int'
2023-10-22 00:09:29 [zhilian2] ERROR: https://sou.zhaopin.com/?jl=533&p=1&jt=9000000000000,9000300000000,9000300040000
2023-10-22 00:09:49 [zhilian2] INFO: 533第1页开始爬取 city:3/31 jobtype:107/1402
2023-10-22 00:09:49 [zhilian2] ERROR: unsupported operand type(s) for /: 'NoneType' and 'int'
2023-10-22 00:09:49 [zhilian2] ERROR: https://sou.zhaopin.com/?jl=533&p=1&jt=9000000000000,9000300000000,9000300050000
2023-10-22 00:10:10 [scrapy.extensions.logstats] INFO: Crawled 30 pages (at 3 pages/min), scraped 0 items (at 0 items/min)
2023-10-22 00:10:10 [zhilian2] INFO: 533第1页开始爬取 city:3/31 jobtype:108/1402
2023-10-22 00:10:10 [zhilian2] ERROR: unsupported operand type(s) for /: 'NoneType' and 'int'
2023-10-22 00:10:10 [zhilian2] ERROR: https://sou.zhaopin.com/?jl=533&p=1&jt=9000000000000,9000300000000,9000300060000
2023-10-22 00:10:30 [zhilian2] INFO: 533第1页开始爬取 city:3/31 jobtype:109/1402
2023-10-22 00:10:30 [zhilian2] ERROR: unsupported operand type(s) for /: 'NoneType' and 'int'
2023-10-22 00:10:30 [zhilian2] ERROR: https://sou.zhaopin.com/?jl=533&p=1&jt=9000000000000,9000300000000,9000300080000
2023-10-22 00:10:51 [zhilian2] INFO: 533第1页开始爬取 city:3/31 jobtype:110/1402
2023-10-22 00:10:51 [zhilian2] ERROR: unsupported operand type(s) for /: 'NoneType' and 'int'
2023-10-22 00:10:51 [zhilian2] ERROR: https://sou.zhaopin.com/?jl=533&p=1&jt=9000000000000,9000300000000,9000300090000
2023-10-22 00:11:11 [scrapy.extensions.logstats] INFO: Crawled 32 pages (at 2 pages/min), scraped 0 items (at 0 items/min)
2023-10-22 00:11:12 [zhilian2] INFO: 533第1页开始爬取 city:3/31 jobtype:111/1402
2023-10-22 00:11:12 [zhilian2] ERROR: unsupported operand type(s) for /: 'NoneType' and 'int'
2023-10-22 00:11:12 [zhilian2] ERROR: https://sou.zhaopin.com/?jl=533&p=1&jt=9000000000000,9000300000000,9000300120000
2023-10-22 00:11:32 [zhilian2] INFO: 533第1页开始爬取 city:3/31 jobtype:112/1402
2023-10-22 00:11:32 [zhilian2] ERROR: unsupported operand type(s) for /: 'NoneType' and 'int'
2023-10-22 00:11:32 [zhilian2] ERROR: https://sou.zhaopin.com/?jl=533&p=1&jt=9000000000000,9000300000000,9000300130000
2023-10-22 00:11:53 [zhilian2] INFO: 533第1页开始爬取 city:3/31 jobtype:113/1402
2023-10-22 00:11:53 [zhilian2] ERROR: unsupported operand type(s) for /: 'NoneType' and 'int'
2023-10-22 00:11:53 [zhilian2] ERROR: https://sou.zhaopin.com/?jl=533&p=1&jt=9000000000000,9000300000000,9000300140000
2023-10-22 00:12:13 [scrapy.extensions.logstats] INFO: Crawled 35 pages (at 3 pages/min), scraped 0 items (at 0 items/min)
2023-10-22 00:12:16 [zhilian2] INFO: 533第1页开始爬取 city:3/31 jobtype:114/1402
2023-10-22 00:12:16 [zhilian2] ERROR: unsupported operand type(s) for /: 'NoneType' and 'int'
2023-10-22 00:12:16 [zhilian2] ERROR: https://sou.zhaopin.com/?jl=533&p=1&jt=9000000000000,9000300000000,9000300170000
2023-10-22 00:12:37 [zhilian2] INFO: 533第1页开始爬取 city:3/31 jobtype:115/1402
2023-10-22 00:12:37 [zhilian2] ERROR: unsupported operand type(s) for /: 'NoneType' and 'int'
2023-10-22 00:12:37 [zhilian2] ERROR: https://sou.zhaopin.com/?jl=533&p=1&jt=9000000000000,9000300000000,9000300180000
2023-10-22 00:12:58 [zhilian2] INFO: 533第1页开始爬取 city:3/31 jobtype:116/1402
2023-10-22 00:12:58 [zhilian2] ERROR: unsupported operand type(s) for /: 'NoneType' and 'int'
2023-10-22 00:12:58 [zhilian2] ERROR: https://sou.zhaopin.com/?jl=533&p=1&jt=9000000000000,9000300000000,9000300190000
2023-10-22 00:13:18 [scrapy.extensions.logstats] INFO: Crawled 38 pages (at 3 pages/min), scraped 0 items (at 0 items/min)
2023-10-22 00:13:19 [zhilian2] INFO: 533第1页开始爬取 city:3/31 jobtype:117/1402
2023-10-22 00:13:19 [zhilian2] ERROR: unsupported operand type(s) for /: 'NoneType' and 'int'
2023-10-22 00:13:19 [zhilian2] ERROR: https://sou.zhaopin.com/?jl=533&p=1&jt=9000000000000,9000300000000,9000300290000
2023-10-22 00:13:40 [zhilian2] INFO: 533第1页开始爬取 city:3/31 jobtype:118/1402
2023-10-22 00:13:40 [zhilian2] ERROR: unsupported operand type(s) for /: 'NoneType' and 'int'
2023-10-22 00:13:40 [zhilian2] ERROR: https://sou.zhaopin.com/?jl=533&p=1&jt=9000000000000,9000300000000,9000300220000
2023-10-22 00:14:01 [zhilian2] INFO: 533第1页开始爬取 city:3/31 jobtype:119/1402
2023-10-22 00:14:01 [zhilian2] ERROR: unsupported operand type(s) for /: 'NoneType' and 'int'
2023-10-22 00:14:01 [zhilian2] ERROR: https://sou.zhaopin.com/?jl=533&p=1&jt=9000000000000,9000300000000,9000300200000
2023-10-22 00:14:21 [scrapy.extensions.logstats] INFO: Crawled 41 pages (at 3 pages/min), scraped 0 items (at 0 items/min)
2023-10-22 00:14:22 [zhilian2] INFO: 533第1页开始爬取 city:3/31 jobtype:120/1402
2023-10-22 00:14:22 [zhilian2] ERROR: unsupported operand type(s) for /: 'NoneType' and 'int'
2023-10-22 00:14:22 [zhilian2] ERROR: https://sou.zhaopin.com/?jl=533&p=1&jt=9000000000000,9000300000000,9000300250000
2023-10-22 00:14:42 [zhilian2] INFO: 533第1页开始爬取 city:3/31 jobtype:121/1402
2023-10-22 00:14:42 [zhilian2] ERROR: unsupported operand type(s) for /: 'NoneType' and 'int'
2023-10-22 00:14:42 [zhilian2] ERROR: https://sou.zhaopin.com/?jl=533&p=1&jt=9000000000000,9000300000000,9000300210000
2023-10-22 00:15:03 [zhilian2] INFO: 533第1页开始爬取 city:3/31 jobtype:122/1402
2023-10-22 00:15:03 [zhilian2] ERROR: unsupported operand type(s) for /: 'NoneType' and 'int'
2023-10-22 00:15:03 [zhilian2] ERROR: https://sou.zhaopin.com/?jl=533&p=1&jt=9000000000000,9000300000000,9000300240000
2023-10-22 00:15:23 [scrapy.extensions.logstats] INFO: Crawled 44 pages (at 3 pages/min), scraped 0 items (at 0 items/min)
2023-10-22 00:15:24 [zhilian2] INFO: 533第1页开始爬取 city:3/31 jobtype:123/1402
2023-10-22 00:15:24 [zhilian2] ERROR: unsupported operand type(s) for /: 'NoneType' and 'int'
2023-10-22 00:15:24 [zhilian2] ERROR: https://sou.zhaopin.com/?jl=533&p=1&jt=9000000000000,9000300000000,9000300280000
2023-10-22 00:15:44 [zhilian2] INFO: 533第1页开始爬取 city:3/31 jobtype:124/1402
2023-10-22 00:15:44 [zhilian2] ERROR: unsupported operand type(s) for /: 'NoneType' and 'int'
2023-10-22 00:15:44 [zhilian2] ERROR: https://sou.zhaopin.com/?jl=533&p=1&jt=9000000000000,9000300000000,9000300270000
2023-10-22 00:16:05 [zhilian2] INFO: 533第1页开始爬取 city:3/31 jobtype:125/1402
2023-10-22 00:16:05 [zhilian2] ERROR: unsupported operand type(s) for /: 'NoneType' and 'int'
2023-10-22 00:16:05 [zhilian2] ERROR: https://sou.zhaopin.com/?jl=533&p=1&jt=9000000000000,9000300000000,9000300070000
2023-10-22 00:16:25 [scrapy.extensions.logstats] INFO: Crawled 47 pages (at 3 pages/min), scraped 0 items (at 0 items/min)
2023-10-22 00:16:25 [zhilian2] INFO: 533第1页开始爬取 city:3/31 jobtype:126/1402
2023-10-22 00:16:26 [zhilian2] ERROR: unsupported operand type(s) for /: 'NoneType' and 'int'
2023-10-22 00:16:26 [zhilian2] ERROR: https://sou.zhaopin.com/?jl=533&p=1&jt=9000000000000,9000300000000,9000300260000
2023-10-22 00:16:46 [zhilian2] INFO: 533第1页开始爬取 city:3/31 jobtype:127/1402
2023-10-22 00:16:46 [zhilian2] ERROR: unsupported operand type(s) for /: 'NoneType' and 'int'
2023-10-22 00:16:46 [zhilian2] ERROR: https://sou.zhaopin.com/?jl=533&p=1&jt=9000000000000,9000300000000,9000300100000
2023-10-22 00:17:07 [zhilian2] INFO: 533第1页开始爬取 city:3/31 jobtype:128/1402
2023-10-22 00:17:07 [zhilian2] ERROR: unsupported operand type(s) for /: 'NoneType' and 'int'
2023-10-22 00:17:07 [zhilian2] ERROR: https://sou.zhaopin.com/?jl=533&p=1&jt=9000000000000,9000100000000,9000100030000
2023-10-22 00:17:27 [scrapy.extensions.logstats] INFO: Crawled 50 pages (at 3 pages/min), scraped 0 items (at 0 items/min)
2023-10-22 00:17:27 [zhilian2] INFO: 533第1页开始爬取 city:3/31 jobtype:129/1402
2023-10-22 00:17:27 [zhilian2] ERROR: unsupported operand type(s) for /: 'NoneType' and 'int'
2023-10-22 00:17:27 [zhilian2] ERROR: https://sou.zhaopin.com/?jl=533&p=1&jt=9000000000000,9000100000000,9000100040000
2023-10-22 00:17:48 [zhilian2] INFO: 533第1页开始爬取 city:3/31 jobtype:130/1402
2023-10-22 00:17:48 [zhilian2] ERROR: unsupported operand type(s) for /: 'NoneType' and 'int'
2023-10-22 00:17:48 [zhilian2] ERROR: https://sou.zhaopin.com/?jl=533&p=1&jt=9000000000000,9000100000000,9000100010000
2023-10-22 00:18:09 [zhilian2] INFO: 533第1页开始爬取 city:3/31 jobtype:131/1402
2023-10-22 00:18:09 [zhilian2] ERROR: unsupported operand type(s) for /: 'NoneType' and 'int'
2023-10-22 00:18:09 [zhilian2] ERROR: https://sou.zhaopin.com/?jl=533&p=1&jt=9000000000000,9000100000000,9000100020000
2023-10-22 00:18:29 [scrapy.extensions.logstats] INFO: Crawled 53 pages (at 3 pages/min), scraped 0 items (at 0 items/min)
2023-10-22 00:18:29 [zhilian2] INFO: 533第1页开始爬取 city:3/31 jobtype:132/1402
2023-10-22 00:18:29 [zhilian2] ERROR: unsupported operand type(s) for /: 'NoneType' and 'int'
2023-10-22 00:18:29 [zhilian2] ERROR: https://sou.zhaopin.com/?jl=533&p=1&jt=9000000000000,9000600000000,9000600010000
2023-10-22 00:18:50 [zhilian2] INFO: 533第1页开始爬取 city:3/31 jobtype:133/1402
2023-10-22 00:18:50 [zhilian2] ERROR: unsupported operand type(s) for /: 'NoneType' and 'int'
2023-10-22 00:18:50 [zhilian2] ERROR: https://sou.zhaopin.com/?jl=533&p=1&jt=9000000000000,9000600000000,9000600040000
2023-10-22 00:19:10 [scrapy.extensions.logstats] INFO: Crawled 55 pages (at 2 pages/min), scraped 0 items (at 0 items/min)
2023-10-22 00:19:11 [zhilian2] INFO: 533第1页开始爬取 city:3/31 jobtype:134/1402
2023-10-22 00:19:11 [zhilian2] ERROR: unsupported operand type(s) for /: 'NoneType' and 'int'
2023-10-22 00:19:11 [zhilian2] ERROR: https://sou.zhaopin.com/?jl=533&p=1&jt=9000000000000,9000600000000,9000600030000
2023-10-22 00:19:31 [zhilian2] INFO: 533第1页开始爬取 city:3/31 jobtype:135/1402
2023-10-22 00:19:32 [zhilian2] ERROR: unsupported operand type(s) for /: 'NoneType' and 'int'
2023-10-22 00:19:32 [zhilian2] ERROR: https://sou.zhaopin.com/?jl=533&p=1&jt=9000000000000,9000600000000,9000600050000
2023-10-22 00:19:52 [zhilian2] INFO: 533第1页开始爬取 city:3/31 jobtype:136/1402
2023-10-22 00:19:52 [zhilian2] ERROR: unsupported operand type(s) for /: 'NoneType' and 'int'
2023-10-22 00:19:52 [zhilian2] ERROR: https://sou.zhaopin.com/?jl=533&p=1&jt=9000000000000,9000600000000,9000600120000
2023-10-22 00:20:12 [scrapy.extensions.logstats] INFO: Crawled 58 pages (at 3 pages/min), scraped 0 items (at 0 items/min)
2023-10-22 00:20:14 [zhilian2] INFO: 533第1页开始爬取 city:3/31 jobtype:137/1402
2023-10-22 00:20:14 [zhilian2] ERROR: unsupported operand type(s) for /: 'NoneType' and 'int'
2023-10-22 00:20:14 [zhilian2] ERROR: https://sou.zhaopin.com/?jl=533&p=1&jt=9000000000000,9000600000000,9000600070000
2023-10-22 00:20:34 [zhilian2] INFO: 533第1页开始爬取 city:3/31 jobtype:138/1402
2023-10-22 00:20:34 [zhilian2] ERROR: unsupported operand type(s) for /: 'NoneType' and 'int'
2023-10-22 00:20:34 [zhilian2] ERROR: https://sou.zhaopin.com/?jl=533&p=1&jt=9000000000000,9000600000000,9000600080000
2023-10-22 00:21:00 [zhilian2] INFO: 533第1页开始爬取 city:3/31 jobtype:139/1402
2023-10-22 00:21:00 [zhilian2] ERROR: unsupported operand type(s) for /: 'NoneType' and 'int'
2023-10-22 00:21:00 [zhilian2] ERROR: https://sou.zhaopin.com/?jl=533&p=1&jt=9000000000000,9000600000000,9000600090000
2023-10-22 00:21:20 [scrapy.extensions.logstats] INFO: Crawled 61 pages (at 3 pages/min), scraped 0 items (at 0 items/min)
2023-10-22 00:21:21 [zhilian2] INFO: 533第1页开始爬取 city:3/31 jobtype:140/1402
2023-10-22 00:21:21 [zhilian2] ERROR: unsupported operand type(s) for /: 'NoneType' and 'int'
2023-10-22 00:21:21 [zhilian2] ERROR: https://sou.zhaopin.com/?jl=533&p=1&jt=9000000000000,9000600000000,9000600110000
2023-10-22 00:21:42 [zhilian2] INFO: 533第1页开始爬取 city:3/31 jobtype:141/1402
2023-10-22 00:21:42 [zhilian2] ERROR: unsupported operand type(s) for /: 'NoneType' and 'int'
2023-10-22 00:21:42 [zhilian2] ERROR: https://sou.zhaopin.com/?jl=533&p=1&jt=9000000000000,9000500000000,9000500460000
2023-10-22 00:22:03 [zhilian2] INFO: 533第1页开始爬取 city:3/31 jobtype:142/1402
2023-10-22 00:22:03 [zhilian2] ERROR: unsupported operand type(s) for /: 'NoneType' and 'int'
2023-10-22 00:22:03 [zhilian2] ERROR: https://sou.zhaopin.com/?jl=533&p=1&jt=9000000000000,9000500000000,9000500470000
2023-10-22 00:22:23 [scrapy.extensions.logstats] INFO: Crawled 64 pages (at 3 pages/min), scraped 0 items (at 0 items/min)
2023-10-22 00:22:24 [zhilian2] INFO: 533第1页开始爬取 city:3/31 jobtype:143/1402
2023-10-22 00:22:24 [zhilian2] ERROR: unsupported operand type(s) for /: 'NoneType' and 'int'
2023-10-22 00:22:24 [zhilian2] ERROR: https://sou.zhaopin.com/?jl=533&p=1&jt=9000000000000,9000500000000,9000500350000
2023-10-22 00:22:44 [zhilian2] INFO: 533第1页开始爬取 city:3/31 jobtype:144/1402
2023-10-22 00:22:44 [zhilian2] ERROR: unsupported operand type(s) for /: 'NoneType' and 'int'
2023-10-22 00:22:44 [zhilian2] ERROR: https://sou.zhaopin.com/?jl=533&p=1&jt=9000000000000,9000500000000,9000500540000
2023-10-22 00:23:05 [zhilian2] INFO: 533第1页开始爬取 city:3/31 jobtype:145/1402
2023-10-22 00:23:05 [zhilian2] ERROR: unsupported operand type(s) for /: 'NoneType' and 'int'
2023-10-22 00:23:05 [zhilian2] ERROR: https://sou.zhaopin.com/?jl=533&p=1&jt=9000000000000,9000500000000,9000500520000
2023-10-22 00:23:25 [scrapy.extensions.logstats] INFO: Crawled 67 pages (at 3 pages/min), scraped 0 items (at 0 items/min)
2023-10-22 00:23:26 [zhilian2] INFO: 533第1页开始爬取 city:3/31 jobtype:146/1402
2023-10-22 00:23:26 [zhilian2] ERROR: unsupported operand type(s) for /: 'NoneType' and 'int'
2023-10-22 00:23:26 [zhilian2] ERROR: https://sou.zhaopin.com/?jl=533&p=1&jt=9000000000000,9000500000000,9000500120000
2023-10-22 00:23:47 [zhilian2] INFO: 533第1页开始爬取 city:3/31 jobtype:147/1402
2023-10-22 00:23:47 [zhilian2] ERROR: unsupported operand type(s) for /: 'NoneType' and 'int'
2023-10-22 00:23:47 [zhilian2] ERROR: https://sou.zhaopin.com/?jl=533&p=1&jt=9000000000000,9000500000000,9000500020000
2023-10-22 00:24:09 [zhilian2] INFO: 533第1页开始爬取 city:3/31 jobtype:148/1402
2023-10-22 00:24:09 [zhilian2] ERROR: unsupported operand type(s) for /: 'NoneType' and 'int'
2023-10-22 00:24:09 [zhilian2] ERROR: https://sou.zhaopin.com/?jl=533&p=1&jt=9000000000000,9000500000000,9000500040000
2023-10-22 00:24:29 [scrapy.extensions.logstats] INFO: Crawled 70 pages (at 3 pages/min), scraped 0 items (at 0 items/min)
2023-10-22 00:24:30 [zhilian2] INFO: 533第1页开始爬取 city:3/31 jobtype:149/1402
2023-10-22 00:24:30 [zhilian2] ERROR: unsupported operand type(s) for /: 'NoneType' and 'int'
2023-10-22 00:24:30 [zhilian2] ERROR: https://sou.zhaopin.com/?jl=533&p=1&jt=9000000000000,9000500000000,9000500050000
2023-10-22 00:24:51 [zhilian2] INFO: 533第1页开始爬取 city:3/31 jobtype:150/1402
2023-10-22 00:24:51 [zhilian2] ERROR: unsupported operand type(s) for /: 'NoneType' and 'int'
2023-10-22 00:24:51 [zhilian2] ERROR: https://sou.zhaopin.com/?jl=533&p=1&jt=9000000000000,9000500000000,9000500070000
2023-10-22 00:25:11 [scrapy.extensions.logstats] INFO: Crawled 72 pages (at 2 pages/min), scraped 0 items (at 0 items/min)
2023-10-22 00:25:12 [zhilian2] INFO: 533第1页开始爬取 city:3/31 jobtype:151/1402
2023-10-22 00:25:12 [zhilian2] ERROR: unsupported operand type(s) for /: 'NoneType' and 'int'
2023-10-22 00:25:12 [zhilian2] ERROR: https://sou.zhaopin.com/?jl=533&p=1&jt=9000000000000,9000500000000,9000500080000
2023-10-22 00:25:32 [zhilian2] INFO: 533第1页开始爬取 city:3/31 jobtype:152/1402
2023-10-22 00:25:32 [zhilian2] ERROR: unsupported operand type(s) for /: 'NoneType' and 'int'
2023-10-22 00:25:32 [zhilian2] ERROR: https://sou.zhaopin.com/?jl=533&p=1&jt=9000000000000,9000500000000,9000500410000
2023-10-22 00:25:53 [zhilian2] INFO: 533第1页开始爬取 city:3/31 jobtype:153/1402
2023-10-22 00:25:53 [zhilian2] ERROR: unsupported operand type(s) for /: 'NoneType' and 'int'
2023-10-22 00:25:53 [zhilian2] ERROR: https://sou.zhaopin.com/?jl=533&p=1&jt=9000000000000,9000500000000,9000500440000
2023-10-22 00:26:13 [scrapy.extensions.logstats] INFO: Crawled 75 pages (at 3 pages/min), scraped 0 items (at 0 items/min)
2023-10-22 00:26:13 [zhilian2] INFO: 533第1页开始爬取 city:3/31 jobtype:154/1402
2023-10-22 00:26:13 [zhilian2] ERROR: unsupported operand type(s) for /: 'NoneType' and 'int'
2023-10-22 00:26:13 [zhilian2] ERROR: https://sou.zhaopin.com/?jl=533&p=1&jt=9000000000000,9000500000000,9000500510000
2023-10-22 00:26:34 [zhilian2] INFO: 533第1页开始爬取 city:3/31 jobtype:155/1402
2023-10-22 00:26:34 [zhilian2] ERROR: unsupported operand type(s) for /: 'NoneType' and 'int'
2023-10-22 00:26:34 [zhilian2] ERROR: https://sou.zhaopin.com/?jl=533&p=1&jt=9000000000000,9000500000000,9000500390000
2023-10-22 00:26:55 [zhilian2] INFO: 533第1页开始爬取 city:3/31 jobtype:156/1402
2023-10-22 00:26:55 [zhilian2] ERROR: unsupported operand type(s) for /: 'NoneType' and 'int'
2023-10-22 00:26:55 [zhilian2] ERROR: https://sou.zhaopin.com/?jl=533&p=1&jt=9000000000000,9000500000000,9000500400000
2023-10-22 00:27:15 [scrapy.extensions.logstats] INFO: Crawled 78 pages (at 3 pages/min), scraped 0 items (at 0 items/min)
2023-10-22 00:27:16 [zhilian2] INFO: 533第1页开始爬取 city:3/31 jobtype:157/1402
2023-10-22 00:27:16 [zhilian2] ERROR: unsupported operand type(s) for /: 'NoneType' and 'int'
2023-10-22 00:27:16 [zhilian2] ERROR: https://sou.zhaopin.com/?jl=533&p=1&jt=9000000000000,9000500000000,9000500550000
2023-10-22 00:27:36 [zhilian2] INFO: 533第1页开始爬取 city:3/31 jobtype:158/1402
2023-10-22 00:27:36 [zhilian2] ERROR: unsupported operand type(s) for /: 'NoneType' and 'int'
2023-10-22 00:27:36 [zhilian2] ERROR: https://sou.zhaopin.com/?jl=533&p=1&jt=9000000000000,9000500000000,9000500560000
2023-10-22 00:27:57 [zhilian2] INFO: 533第1页开始爬取 city:3/31 jobtype:159/1402
2023-10-22 00:27:57 [zhilian2] ERROR: unsupported operand type(s) for /: 'NoneType' and 'int'
2023-10-22 00:27:57 [zhilian2] ERROR: https://sou.zhaopin.com/?jl=533&p=1&jt=9000000000000,9000500000000,9000500530000
2023-10-22 00:28:17 [scrapy.extensions.logstats] INFO: Crawled 81 pages (at 3 pages/min), scraped 0 items (at 0 items/min)
2023-10-22 00:28:18 [zhilian2] INFO: 533第1页开始爬取 city:3/31 jobtype:160/1402
2023-10-22 00:28:18 [zhilian2] ERROR: unsupported operand type(s) for /: 'NoneType' and 'int'
2023-10-22 00:28:18 [zhilian2] ERROR: https://sou.zhaopin.com/?jl=533&p=1&jt=9000000000000,9000500000000,9000500360000
2023-10-22 00:28:38 [zhilian2] INFO: 533第1页开始爬取 city:3/31 jobtype:161/1402
2023-10-22 00:28:38 [zhilian2] ERROR: unsupported operand type(s) for /: 'NoneType' and 'int'
2023-10-22 00:28:38 [zhilian2] ERROR: https://sou.zhaopin.com/?jl=533&p=1&jt=9000000000000,9000500000000,9000500380000
2023-10-22 00:29:00 [scrapy.core.scraper] ERROR: Error downloading <GET https://sou.zhaopin.com/?jl=533&p=1&jt=9000000000000,9000500000000,9000500420000>
Traceback (most recent call last):
  File "D:\conda\envs\bishespider\lib\site-packages\twisted\internet\defer.py", line 1697, in _inlineCallbacks
    result = context.run(gen.send, result)
  File "D:\conda\envs\bishespider\lib\site-packages\scrapy\core\downloader\middleware.py", line 68, in process_response
    method(request=request, response=response, spider=spider)
  File "D:\conda\envs\bishespider\lib\site-packages\scrapy\downloadermiddlewares\redirect.py", line 132, in process_response
    interval, url = get_meta_refresh(response, ignore_tags=self._ignore_tags)
  File "D:\conda\envs\bishespider\lib\site-packages\scrapy\utils\response.py", line 44, in get_meta_refresh
    text = response.text[0:4096]
  File "D:\conda\envs\bishespider\lib\site-packages\scrapy\http\response\text.py", line 96, in text
    self._cached_ubody = html_to_unicode(charset, self.body)[1]
  File "D:\conda\envs\bishespider\lib\site-packages\w3lib\encoding.py", line 293, in html_to_unicode
    return enc, to_unicode(html_body_str, enc)
  File "D:\conda\envs\bishespider\lib\site-packages\w3lib\encoding.py", line 214, in to_unicode
    return data_str.decode(encoding, "replace")
MemoryError
2023-10-22 00:29:00 [scrapy.core.engine] INFO: Closing spider (finished)
2023-10-22 00:29:00 [scrapy.statscollectors] INFO: Dumping Scrapy stats:
{'downloader/request_bytes': 234850,
 'downloader/request_count': 84,
 'downloader/request_method_count/GET': 84,
 'downloader/response_bytes': 33193162,
 'downloader/response_count': 84,
 'downloader/response_status_count/200': 84,
 'elapsed_time_seconds': 1730.619484,
 'finish_reason': 'finished',
 'finish_time': datetime.datetime(2023, 10, 21, 16, 29, 0, 834879, tzinfo=datetime.timezone.utc),
 'httpcompression/response_bytes': 191032421,
 'httpcompression/response_count': 84,
 'log_count/ERROR': 167,
 'log_count/INFO': 121,
 'log_count/WARNING': 1,
 'request_depth_max': 83,
 'response_received_count': 83,
 'scheduler/dequeued': 84,
 'scheduler/dequeued/memory': 84,
 'scheduler/enqueued': 84,
 'scheduler/enqueued/memory': 84,
 'start_time': datetime.datetime(2023, 10, 21, 16, 0, 10, 215395, tzinfo=datetime.timezone.utc)}
2023-10-22 00:29:00 [scrapy.core.engine] INFO: Spider closed (finished)
